Release 14.7 - xst P.20131013 (nt64)
Copyright (c) 1995-2013 Xilinx, Inc.  All rights reserved.
--> Parameter TMPDIR set to xst/projnav.tmp


Total REAL time to Xst completion: 0.00 secs
Total CPU time to Xst completion: 0.26 secs
 
--> Parameter xsthdpdir set to xst


Total REAL time to Xst completion: 0.00 secs
Total CPU time to Xst completion: 0.27 secs
 
--> Reading design: counter.prj

TABLE OF CONTENTS
  1) Synthesis Options Summary
  2) HDL Parsing
  3) HDL Elaboration
  4) HDL Synthesis
       4.1) HDL Synthesis Report
  5) Advanced HDL Synthesis
       5.1) Advanced HDL Synthesis Report
  6) Low Level Synthesis
  7) Partition Report
  8) Design Summary
       8.1) Primitive and Black Box Usage
       8.2) Device utilization summary
       8.3) Partition Resource Summary
       8.4) Timing Report
            8.4.1) Clock Information
            8.4.2) Asynchronous Control Signals Information
            8.4.3) Timing Summary
            8.4.4) Timing Details
            8.4.5) Cross Clock Domains Report


=========================================================================
*                      Synthesis Options Summary                        *
=========================================================================
---- Source Parameters
Input File Name                    : "counter.prj"
Ignore Synthesis Constraint File   : NO

---- Target Parameters
Output File Name                   : "counter"
Output Format                      : NGC
Target Device                      : xc7a100t-1-csg324

---- Source Options
Top Module Name                    : counter
Automatic FSM Extraction           : YES
FSM Encoding Algorithm             : Auto
Safe Implementation                : No
FSM Style                          : LUT
RAM Extraction                     : Yes
RAM Style                          : Auto
ROM Extraction                     : Yes
Shift Register Extraction          : YES
ROM Style                          : Auto
Resource Sharing                   : YES
Asynchronous To Synchronous        : NO
Shift Register Minimum Size        : 2
Use DSP Block                      : Auto
Automatic Register Balancing       : No

---- Target Options
LUT Combining                      : Auto
Reduce Control Sets                : Auto
Add IO Buffers                     : YES
Global Maximum Fanout              : 100000
Add Generic Clock Buffer(BUFG)     : 32
Register Duplication               : YES
Optimize Instantiated Primitives   : NO
Use Clock Enable                   : Auto
Use Synchronous Set                : Auto
Use Synchronous Reset              : Auto
Pack IO Registers into IOBs        : Auto
Equivalent register Removal        : YES

---- General Options
Optimization Goal                  : Speed
Optimization Effort                : 1
Power Reduction                    : NO
Keep Hierarchy                     : No
Netlist Hierarchy                  : As_Optimized
RTL Output                         : Yes
Global Optimization                : AllClockNets
Read Cores                         : YES
Write Timing Constraints           : NO
Cross Clock Analysis               : NO
Hierarchy Separator                : /
Bus Delimiter                      : <>
Case Specifier                     : Maintain
Slice Utilization Ratio            : 100
BRAM Utilization Ratio             : 100
DSP48 Utilization Ratio            : 100
Auto BRAM Packing                  : NO
Slice Utilization Ratio Delta      : 5

=========================================================================


=========================================================================
*                          HDL Parsing                                  *
=========================================================================
Analyzing Verilog file "C:\M8\bitcounter\clk.v" into library work
Parsing module <clk_divider>.
Analyzing Verilog file "C:\M8\bitcounter\counter.v" into library work
Parsing module <counter>.

=========================================================================
*                            HDL Elaboration                            *
=========================================================================

Elaborating module <counter>.

Elaborating module <clk_divider>.

=========================================================================
*                           HDL Synthesis                               *
=========================================================================

Synthesizing Unit <counter>.
    Related source file is "C:\M8\bitcounter\counter.v".
    Found 8-bit register for signal <led>.
    Found 8-bit subtractor for signal <counter[7]_GND_1_o_sub_6_OUT> created at line 41.
    Found 8-bit adder for signal <counter[7]_GND_1_o_add_3_OUT> created at line 38.
    Summary:
	inferred   1 Adder/Subtractor(s).
	inferred   8 D-type flip-flop(s).
Unit <counter> synthesized.

Synthesizing Unit <clk_divider>.
    Related source file is "C:\M8\bitcounter\clk.v".
        DIVISOR = 28'b0101111101011110000100000000
    Found 1-bit register for signal <clk_out>.
    Found 28-bit register for signal <counter>.
    Found 28-bit adder for signal <counter[27]_GND_2_o_add_1_OUT> created at line 34.
    Found 28-bit comparator greater for signal <n0001> created at line 35
    Found 28-bit comparator greater for signal <counter[27]_GND_2_o_LessThan_5_o> created at line 37
    Summary:
	inferred   1 Adder/Subtractor(s).
	inferred  29 D-type flip-flop(s).
	inferred   2 Comparator(s).
Unit <clk_divider> synthesized.

=========================================================================
HDL Synthesis Report

Macro Statistics
# Adders/Subtractors                                   : 2
 28-bit adder                                          : 1
 8-bit addsub                                          : 1
# Registers                                            : 3
 1-bit register                                        : 1
 28-bit register                                       : 1
 8-bit register                                        : 1
# Comparators                                          : 2
 28-bit comparator greater                             : 2

=========================================================================

=========================================================================
*                       Advanced HDL Synthesis                          *
=========================================================================


Synthesizing (advanced) Unit <clk_divider>.
The following registers are absorbed into counter <counter>: 1 register on signal <counter>.
Unit <clk_divider> synthesized (advanced).

Synthesizing (advanced) Unit <counter>.
The following registers are absorbed into counter <counter>: 1 register on signal <counter>.
Unit <counter> synthesized (advanced).

=========================================================================
Advanced HDL Synthesis Report

Macro Statistics
# Counters                                             : 2
 28-bit up counter                                     : 1
 8-bit updown counter                                  : 1
# Registers                                            : 1
 Flip-Flops                                            : 1
# Comparators                                          : 2
 28-bit comparator greater                             : 2

=========================================================================

=========================================================================
*                         Low Level Synthesis                           *
=========================================================================

Optimizing unit <counter> ...

Mapping all equations...
Building and optimizing final netlist ...
Found area constraint ratio of 100 (+ 5) on block counter, actual ratio is 0.

Final Macro Processing ...

=========================================================================
Final Register Report

Macro Statistics
# Registers                                            : 37
 Flip-Flops                                            : 37

=========================================================================

=========================================================================
*                           Partition Report                            *
=========================================================================

Partition Implementation Status
-------------------------------

  No Partitions were found in this design.

-------------------------------

=========================================================================
*                            Design Summary                             *
=========================================================================

Top Level Output File Name         : counter.ngc

Primitive and Black Box Usage:
------------------------------
# BELS                             : 140
#      GND                         : 1
#      INV                         : 3
#      LUT1                        : 27
#      LUT2                        : 10
#      LUT3                        : 5
#      LUT4                        : 2
#      LUT5                        : 10
#      MUXCY                       : 45
#      VCC                         : 1
#      XORCY                       : 36
# FlipFlops/Latches                : 37
#      FD                          : 1
#      FDR                         : 28
#      FDRE                        : 8
# Clock Buffers                    : 1
#      BUFGP                       : 1
# IO Buffers                       : 11
#      IBUF                        : 3
#      OBUF                        : 8

Device utilization summary:
---------------------------

Selected Device : 7a100tcsg324-1 


Slice Logic Utilization: 
 Number of Slice Registers:              37  out of  126800     0%  
 Number of Slice LUTs:                   57  out of  63400     0%  
    Number used as Logic:                57  out of  63400     0%  

Slice Logic Distribution: 
 Number of LUT Flip Flop pairs used:     57
   Number with an unused Flip Flop:      20  out of     57    35%  
   Number with an unused LUT:             0  out of     57     0%  
   Number of fully used LUT-FF pairs:    37  out of     57    64%  
   Number of unique control sets:         3

IO Utilization: 
 Number of IOs:                          12
 Number of bonded IOBs:                  12  out of    210     5%  

Specific Feature Utilization:
 Number of BUFG/BUFGCTRLs:                1  out of     32     3%  

---------------------------
Partition Resource Summary:
---------------------------

  No Partitions were found in this design.

---------------------------


=========================================================================
Timing Report

NOTE: THESE TIMING NUMBERS ARE ONLY A SYNTHESIS ESTIMATE.
      FOR ACCURATE TIMING INFORMATION PLEASE REFER TO THE TRACE REPORT
      GENERATED AFTER PLACE-and-ROUTE.

Clock Information:
------------------
-----------------------------------+------------------------+-------+
Clock Signal                       | Clock buffer(FF name)  | Load  |
-----------------------------------+------------------------+-------+
clk                                | BUFGP                  | 29    |
clkd/clk_out                       | NONE(counter_0)        | 8     |
-----------------------------------+------------------------+-------+
INFO:Xst:2169 - HDL ADVISOR - Some clock signals were not automatically buffered by XST with BUFG/BUFR resources. Please use the buffer_type constraint in order to insert these buffers to the clock signals to help prevent skew problems.

Asynchronous Control Signals Information:
----------------------------------------
No asynchronous control signals found in this design

Timing Summary:
---------------
Speed Grade: -1

   Minimum period: 3.526ns (Maximum Frequency: 283.615MHz)
   Minimum input arrival time before clock: 1.800ns
   Maximum output required time after clock: 0.883ns
   Maximum combinational path delay: No path found

Timing Details:
---------------
All values displayed in nanoseconds (ns)

=========================================================================
Timing constraint: Default period analysis for Clock 'clk'
  Clock period: 3.526ns (frequency: 283.615MHz)
  Total number of paths / destination ports: 1588 / 57
-------------------------------------------------------------------------
Delay:               3.526ns (Levels of Logic = 7)
  Source:            clkd/counter_0 (FF)
  Destination:       clkd/counter_0 (FF)
  Source Clock:      clk rising
  Destination Clock: clk rising

  Data Path: clkd/counter_0 to clkd/counter_0
                                Gate     Net
    Cell:in->out      fanout   Delay   Delay  Logical Name (Net Name)
    ----------------------------------------  ------------
     FDR:C->Q              2   0.478   0.925  clkd/counter_0 (clkd/counter_0)
     LUT5:I0->O            1   0.124   0.000  clkd/Mcompar_n0001_lut<0> (clkd/Mcompar_n0001_lut<0>)
     MUXCY:S->O            1   0.472   0.000  clkd/Mcompar_n0001_cy<0> (clkd/Mcompar_n0001_cy<0>)
     MUXCY:CI->O           1   0.029   0.000  clkd/Mcompar_n0001_cy<1> (clkd/Mcompar_n0001_cy<1>)
     MUXCY:CI->O           1   0.029   0.000  clkd/Mcompar_n0001_cy<2> (clkd/Mcompar_n0001_cy<2>)
     MUXCY:CI->O           1   0.029   0.000  clkd/Mcompar_n0001_cy<3> (clkd/Mcompar_n0001_cy<3>)
     MUXCY:CI->O           1   0.029   0.000  clkd/Mcompar_n0001_cy<4> (clkd/Mcompar_n0001_cy<4>)
     MUXCY:CI->O          28   0.365   0.551  clkd/Mcompar_n0001_cy<5> (clkd/Mcompar_n0001_cy<5>)
     FDR:R                     0.494          clkd/counter_0
    ----------------------------------------
    Total                      3.526ns (2.050ns logic, 1.476ns route)
                                       (58.1% logic, 41.9% route)

=========================================================================
Timing constraint: Default period analysis for Clock 'clkd/clk_out'
  Clock period: 2.332ns (frequency: 428.908MHz)
  Total number of paths / destination ports: 64 / 8
-------------------------------------------------------------------------
Delay:               2.332ns (Levels of Logic = 9)
  Source:            counter_0 (FF)
  Destination:       counter_7 (FF)
  Source Clock:      clkd/clk_out rising
  Destination Clock: clkd/clk_out rising

  Data Path: counter_0 to counter_7
                                Gate     Net
    Cell:in->out      fanout   Delay   Delay  Logical Name (Net Name)
    ----------------------------------------  ------------
     FDRE:C->Q             2   0.478   0.542  counter_0 (counter_0)
     LUT2:I0->O            1   0.124   0.000  Mcount_counter_lut<0> (Mcount_counter_lut<0>)
     MUXCY:S->O            1   0.472   0.000  Mcount_counter_cy<0> (Mcount_counter_cy<0>)
     MUXCY:CI->O           1   0.029   0.000  Mcount_counter_cy<1> (Mcount_counter_cy<1>)
     MUXCY:CI->O           1   0.029   0.000  Mcount_counter_cy<2> (Mcount_counter_cy<2>)
     MUXCY:CI->O           1   0.029   0.000  Mcount_counter_cy<3> (Mcount_counter_cy<3>)
     MUXCY:CI->O           1   0.029   0.000  Mcount_counter_cy<4> (Mcount_counter_cy<4>)
     MUXCY:CI->O           1   0.029   0.000  Mcount_counter_cy<5> (Mcount_counter_cy<5>)
     MUXCY:CI->O           0   0.029   0.000  Mcount_counter_cy<6> (Mcount_counter_cy<6>)
     XORCY:CI->O           1   0.510   0.000  Mcount_counter_xor<7> (Result<7>)
     FDRE:D                    0.030          counter_7
    ----------------------------------------
    Total                      2.332ns (1.790ns logic, 0.542ns route)
                                       (76.8% logic, 23.2% route)

=========================================================================
Timing constraint: Default OFFSET IN BEFORE for Clock 'clkd/clk_out'
  Total number of paths / destination ports: 84 / 24
-------------------------------------------------------------------------
Offset:              1.800ns (Levels of Logic = 10)
  Source:            btnd (PAD)
  Destination:       counter_7 (FF)
  Destination Clock: clkd/clk_out rising

  Data Path: btnd to counter_7
                                Gate     Net
    Cell:in->out      fanout   Delay   Delay  Logical Name (Net Name)
    ----------------------------------------  ------------
     IBUF:I->O            11   0.001   0.487  btnd_IBUF (btnd_IBUF)
     LUT2:I1->O            1   0.124   0.000  Mcount_counter_lut<0> (Mcount_counter_lut<0>)
     MUXCY:S->O            1   0.472   0.000  Mcount_counter_cy<0> (Mcount_counter_cy<0>)
     MUXCY:CI->O           1   0.029   0.000  Mcount_counter_cy<1> (Mcount_counter_cy<1>)
     MUXCY:CI->O           1   0.029   0.000  Mcount_counter_cy<2> (Mcount_counter_cy<2>)
     MUXCY:CI->O           1   0.029   0.000  Mcount_counter_cy<3> (Mcount_counter_cy<3>)
     MUXCY:CI->O           1   0.029   0.000  Mcount_counter_cy<4> (Mcount_counter_cy<4>)
     MUXCY:CI->O           1   0.029   0.000  Mcount_counter_cy<5> (Mcount_counter_cy<5>)
     MUXCY:CI->O           0   0.029   0.000  Mcount_counter_cy<6> (Mcount_counter_cy<6>)
     XORCY:CI->O           1   0.510   0.000  Mcount_counter_xor<7> (Result<7>)
     FDRE:D                    0.030          counter_7
    ----------------------------------------
    Total                      1.800ns (1.313ns logic, 0.487ns route)
                                       (72.9% logic, 27.1% route)

=========================================================================
Timing constraint: Default OFFSET OUT AFTER for Clock 'clkd/clk_out'
  Total number of paths / destination ports: 8 / 8
-------------------------------------------------------------------------
Offset:              0.883ns (Levels of Logic = 1)
  Source:            counter_7 (FF)
  Destination:       led<7> (PAD)
  Source Clock:      clkd/clk_out rising

  Data Path: counter_7 to led<7>
                                Gate     Net
    Cell:in->out      fanout   Delay   Delay  Logical Name (Net Name)
    ----------------------------------------  ------------
     FDRE:C->Q             2   0.478   0.405  counter_7 (counter_7)
     OBUF:I->O                 0.000          led_7_OBUF (led<7>)
    ----------------------------------------
    Total                      0.883ns (0.478ns logic, 0.405ns route)
                                       (54.1% logic, 45.9% route)

=========================================================================

Cross Clock Domains Report:
--------------------------

Clock to Setup on destination clock clk
---------------+---------+---------+---------+---------+
               | Src:Rise| Src:Fall| Src:Rise| Src:Fall|
Source Clock   |Dest:Rise|Dest:Rise|Dest:Fall|Dest:Fall|
---------------+---------+---------+---------+---------+
clk            |    3.526|         |         |         |
---------------+---------+---------+---------+---------+

Clock to Setup on destination clock clkd/clk_out
---------------+---------+---------+---------+---------+
               | Src:Rise| Src:Fall| Src:Rise| Src:Fall|
Source Clock   |Dest:Rise|Dest:Rise|Dest:Fall|Dest:Fall|
---------------+---------+---------+---------+---------+
clkd/clk_out   |    2.332|         |         |         |
---------------+---------+---------+---------+---------+

=========================================================================


Total REAL time to Xst completion: 11.00 secs
Total CPU time to Xst completion: 11.25 secs
 
--> 

Total memory usage is 4637768 kilobytes

Number of errors   :    0 (   0 filtered)
Number of warnings :    0 (   0 filtered)
Number of infos    :    1 (   0 filtered)

