--------------------------------------------------------------------------------
Release 14.7 Trace  (nt64)
Copyright (c) 1995-2013 Xilinx, Inc.  All rights reserved.

C:\Xilinx\14.7\ISE_DS\ISE\bin\nt64\unwrapped\trce.exe -intstyle ise -v 3 -s 1
-n 3 -fastpaths -xml servo_controller.twx servo_controller.ncd -o
servo_controller.twr servo_controller.pcf -ucf Nexys4DDR_Master.ucf

Design file:              servo_controller.ncd
Physical constraint file: servo_controller.pcf
Device,package,speed:     xc7a100t,csg324,C,-1 (PRODUCTION 1.10 2013-10-13)
Report level:             verbose report

Environment Variable      Effect 
--------------------      ------ 
NONE                      No environment variables were set
--------------------------------------------------------------------------------

INFO:Timing:2698 - No timing constraints found, doing default enumeration.
INFO:Timing:3412 - To improve timing, see the Timing Closure User Guide (UG612).
INFO:Timing:2752 - To get complete path coverage, use the unconstrained paths 
   option. All paths that are not constrained will be reported in the 
   unconstrained paths section(s) of the report.
INFO:Timing:3339 - The clock-to-out numbers in this timing report are based on 
   a 50 Ohm transmission line loading model.  For the details of this model, 
   and for more information on accounting for different loading conditions, 
   please see the device datasheet.



Data Sheet report:
-----------------
All values displayed in nanoseconds (ns)

Setup/Hold to clock clk
------------+------------+------------+------------+------------+------------------+--------+
            |Max Setup to|  Process   |Max Hold to |  Process   |                  | Clock  |
Source      | clk (edge) |   Corner   | clk (edge) |   Corner   |Internal Clock(s) | Phase  |
------------+------------+------------+------------+------------+------------------+--------+
rst         |    0.136(R)|      FAST  |    2.471(R)|      SLOW  |clk_BUFGP         |   0.000|
------------+------------+------------+------------+------------+------------------+--------+

Clock sw<0> to Pad
------------+-----------------+------------+-----------------+------------+------------------+--------+
            |Max (slowest) clk|  Process   |Min (fastest) clk|  Process   |                  | Clock  |
Destination |  (edge) to PAD  |   Corner   |  (edge) to PAD  |   Corner   |Internal Clock(s) | Phase  |
------------+-----------------+------------+-----------------+------------+------------------+--------+
servos<0>   |         8.369(F)|      SLOW  |         2.763(F)|      FAST  |_n0039            |   0.000|
servos<1>   |         7.837(F)|      SLOW  |         2.584(F)|      FAST  |_n0038            |   0.000|
servos<2>   |         7.922(F)|      SLOW  |         2.615(F)|      FAST  |_n0037            |   0.000|
servos<3>   |         7.745(F)|      SLOW  |         2.552(F)|      FAST  |_n0036            |   0.000|
------------+-----------------+------------+-----------------+------------+------------------+--------+

Clock sw<1> to Pad
------------+-----------------+------------+-----------------+------------+------------------+--------+
            |Max (slowest) clk|  Process   |Min (fastest) clk|  Process   |                  | Clock  |
Destination |  (edge) to PAD  |   Corner   |  (edge) to PAD  |   Corner   |Internal Clock(s) | Phase  |
------------+-----------------+------------+-----------------+------------+------------------+--------+
servos<0>   |         8.684(F)|      SLOW  |         2.874(F)|      FAST  |_n0039            |   0.000|
servos<1>   |         8.152(F)|      SLOW  |         2.697(F)|      FAST  |_n0038            |   0.000|
servos<2>   |         8.535(F)|      SLOW  |         2.806(F)|      FAST  |_n0037            |   0.000|
servos<3>   |         8.326(F)|      SLOW  |         2.749(F)|      FAST  |_n0036            |   0.000|
------------+-----------------+------------+-----------------+------------+------------------+--------+

Clock sw<2> to Pad
------------+-----------------+------------+-----------------+------------+------------------+--------+
            |Max (slowest) clk|  Process   |Min (fastest) clk|  Process   |                  | Clock  |
Destination |  (edge) to PAD  |   Corner   |  (edge) to PAD  |   Corner   |Internal Clock(s) | Phase  |
------------+-----------------+------------+-----------------+------------+------------------+--------+
servos<0>   |         9.051(F)|      SLOW  |         3.026(F)|      FAST  |_n0039            |   0.000|
servos<1>   |         8.518(F)|      SLOW  |         2.848(F)|      FAST  |_n0038            |   0.000|
servos<2>   |         9.048(F)|      SLOW  |         3.011(F)|      FAST  |_n0037            |   0.000|
servos<3>   |         8.837(F)|      SLOW  |         2.952(F)|      FAST  |_n0036            |   0.000|
------------+-----------------+------------+-----------------+------------+------------------+--------+

Clock to Setup on destination clock clk
---------------+---------+---------+---------+---------+
               | Src:Rise| Src:Fall| Src:Rise| Src:Fall|
Source Clock   |Dest:Rise|Dest:Rise|Dest:Fall|Dest:Fall|
---------------+---------+---------+---------+---------+
clk            |    3.863|         |         |         |
---------------+---------+---------+---------+---------+

Clock to Setup on destination clock sw<0>
---------------+---------+---------+---------+---------+
               | Src:Rise| Src:Fall| Src:Rise| Src:Fall|
Source Clock   |Dest:Rise|Dest:Rise|Dest:Fall|Dest:Fall|
---------------+---------+---------+---------+---------+
clk            |         |         |    4.529|         |
---------------+---------+---------+---------+---------+

Clock to Setup on destination clock sw<1>
---------------+---------+---------+---------+---------+
               | Src:Rise| Src:Fall| Src:Rise| Src:Fall|
Source Clock   |Dest:Rise|Dest:Rise|Dest:Fall|Dest:Fall|
---------------+---------+---------+---------+---------+
clk            |         |         |    4.529|         |
---------------+---------+---------+---------+---------+

Clock to Setup on destination clock sw<2>
---------------+---------+---------+---------+---------+
               | Src:Rise| Src:Fall| Src:Rise| Src:Fall|
Source Clock   |Dest:Rise|Dest:Rise|Dest:Fall|Dest:Fall|
---------------+---------+---------+---------+---------+
clk            |         |         |    4.529|         |
---------------+---------+---------+---------+---------+


Analysis completed Tue Jan 11 21:18:25 2022 
--------------------------------------------------------------------------------

Trace Settings:
-------------------------
Trace Settings 

Peak Memory Usage: 5002 MB



